0 info it worked if it ends with ok
1 verbose cli [ 'node',
1 verbose cli   '/usr/local/bin/npm',
1 verbose cli   'install',
1 verbose cli   'gulp-autoprefix',
1 verbose cli   '--save-dev' ]
2 info using npm@1.3.21
3 info using node@v0.10.24
4 warn package.json Portfolio@2.0.0 No repository field.
5 verbose readDependencies using package.json deps
6 verbose cache add [ 'gulp-autoprefix', null ]
7 verbose cache add name=undefined spec="gulp-autoprefix" args=["gulp-autoprefix",null]
8 verbose parsed url { protocol: null,
8 verbose parsed url   slashes: null,
8 verbose parsed url   auth: null,
8 verbose parsed url   host: null,
8 verbose parsed url   port: null,
8 verbose parsed url   hostname: null,
8 verbose parsed url   hash: null,
8 verbose parsed url   search: null,
8 verbose parsed url   query: null,
8 verbose parsed url   pathname: 'gulp-autoprefix',
8 verbose parsed url   path: 'gulp-autoprefix',
8 verbose parsed url   href: 'gulp-autoprefix' }
9 silly lockFile d5337f70-gulp-autoprefix gulp-autoprefix
10 verbose lock gulp-autoprefix /Users/patrickcate/.npm/d5337f70-gulp-autoprefix.lock
11 silly lockFile d5337f70-gulp-autoprefix gulp-autoprefix
12 silly lockFile d5337f70-gulp-autoprefix gulp-autoprefix
13 verbose addNamed [ 'gulp-autoprefix', '' ]
14 verbose addNamed [ null, '*' ]
15 silly lockFile e6355660-gulp-autoprefix gulp-autoprefix@
16 verbose lock gulp-autoprefix@ /Users/patrickcate/.npm/e6355660-gulp-autoprefix.lock
17 silly addNameRange { name: 'gulp-autoprefix', range: '*', hasData: false }
18 verbose url raw gulp-autoprefix
19 verbose url resolving [ 'https://registry.npmjs.org/', './gulp-autoprefix' ]
20 verbose url resolved https://registry.npmjs.org/gulp-autoprefix
21 info trying registry request attempt 1 at 21:17:39
22 http GET https://registry.npmjs.org/gulp-autoprefix
23 http 404 https://registry.npmjs.org/gulp-autoprefix
24 silly registry.get cb [ 404,
24 silly registry.get   { date: 'Tue, 02 Sep 2014 01:17:39 GMT',
24 silly registry.get     server: 'CouchDB/1.5.0 (Erlang OTP/R16B03)',
24 silly registry.get     'content-type': 'application/json',
24 silly registry.get     'cache-control': 'max-age=0',
24 silly registry.get     'content-length': '52',
24 silly registry.get     'accept-ranges': 'bytes',
24 silly registry.get     via: '1.1 varnish',
24 silly registry.get     age: '0',
24 silly registry.get     'x-served-by': 'cache-iad2128-IAD',
24 silly registry.get     'x-cache': 'MISS',
24 silly registry.get     'x-cache-hits': '0',
24 silly registry.get     'x-timer': 'S1409620659.442201,VS0,VE10',
24 silly registry.get     'keep-alive': 'timeout=10, max=50',
24 silly registry.get     connection: 'Keep-Alive' } ]
25 silly lockFile e6355660-gulp-autoprefix gulp-autoprefix@
26 silly lockFile e6355660-gulp-autoprefix gulp-autoprefix@
27 error 404 'gulp-autoprefix' is not in the npm registry.
27 error 404 You should bug the author to publish it
27 error 404
27 error 404 Note that you can also install from a
27 error 404 tarball, folder, or http url, or git url.
28 error System Darwin 13.3.0
29 error command "node" "/usr/local/bin/npm" "install" "gulp-autoprefix" "--save-dev"
30 error cwd /Users/patrickcate/Websites/porfolio-v2
31 error node -v v0.10.24
32 error npm -v 1.3.21
33 error code E404
34 verbose exit [ 1, true ]
